This is pdfTeX, Version 3.14159265-2.6-1.40.18 (TeX Live 2017/Debian) (preloaded format=pdflatex 2017.10.24)  29 NOV 2017 06:10
entering extended mode
 restricted \write18 enabled.
 %&-line parsing enabled.
**curriculum-vitae.tex
(./curriculum-vitae.tex
LaTeX2e <2017-04-15>
Babel <3.12> and hyphenation patterns for 84 language(s) loaded.
(/usr/share/texlive/texmf-dist/tex/latex/base/article.cls
Document Class: article 2014/09/29 v1.4h Standard LaTeX document class
(/usr/share/texlive/texmf-dist/tex/latex/base/size10.clo
File: size10.clo 2014/09/29 v1.4h Standard LaTeX file (size option)
)
\c@part=\count79
\c@section=\count80
\c@subsection=\count81
\c@subsubsection=\count82
\c@paragraph=\count83
\c@subparagraph=\count84
\c@figure=\count85
\c@table=\count86
\abovecaptionskip=\skip41
\belowcaptionskip=\skip42
\bibindent=\dimen102
)
\outerbordwidth=\skip43

(/usr/share/texlive/texmf-dist/tex/latex/xcolor/xcolor.sty
Package: xcolor 2016/05/11 v2.12 LaTeX color extensions (UK)

(/usr/share/texlive/texmf-dist/tex/latex/graphics-cfg/color.cfg
File: color.cfg 2016/01/02 v1.6 sample color configuration
)
Package xcolor Info: Driver file: pdftex.def on input line 225.

(/usr/share/texlive/texmf-dist/tex/latex/graphics-def/pdftex.def
File: pdftex.def 2017/06/24 v1.0g Graphics/color driver for pdftex
)
Package xcolor Info: Model `cmy' substituted by `cmy0' on input line 1348.
Package xcolor Info: Model `hsb' substituted by `rgb' on input line 1352.
Package xcolor Info: Model `RGB' extended on input line 1364.
Package xcolor Info: Model `HTML' substituted by `rgb' on input line 1366.
Package xcolor Info: Model `Hsb' substituted by `hsb' on input line 1367.
Package xcolor Info: Model `tHsb' substituted by `hsb' on input line 1368.
Package xcolor Info: Model `HSB' substituted by `hsb' on input line 1369.
Package xcolor Info: Model `Gray' substituted by `gray' on input line 1370.
Package xcolor Info: Model `wave' substituted by `hsb' on input line 1371.

(/usr/share/texlive/texmf-dist/tex/latex/xcolor/svgnam.def
File: svgnam.def 2016/05/11 v2.12 Predefined colors according to SVG 1.1 (UK)
))
(/usr/share/texlive/texmf-dist/tex/latex/framed/framed.sty
Package: framed 2011/10/22 v 0.96: framed or shaded text with page breaks
\OuterFrameSep=\skip44
\fb@frw=\dimen103
\fb@frh=\dimen104
\FrameRule=\dimen105
\FrameSep=\dimen106
)
(/usr/share/texlive/texmf-dist/tex/latex/tocloft/tocloft.sty
Package: tocloft 2013/05/02 v2.3f parameterised ToC, etc., typesetting
Package tocloft Info: The document has section divisions on input line 44.
\cftparskip=\skip45
\cftbeforetoctitleskip=\skip46
\cftaftertoctitleskip=\skip47
\cftbeforepartskip=\skip48
\cftpartnumwidth=\skip49
\cftpartindent=\skip50
\cftbeforesecskip=\skip51
\cftsecindent=\skip52
\cftsecnumwidth=\skip53
\cftbeforesubsecskip=\skip54
\cftsubsecindent=\skip55
\cftsubsecnumwidth=\skip56
\cftbeforesubsubsecskip=\skip57
\cftsubsubsecindent=\skip58
\cftsubsubsecnumwidth=\skip59
\cftbeforeparaskip=\skip60
\cftparaindent=\skip61
\cftparanumwidth=\skip62
\cftbeforesubparaskip=\skip63
\cftsubparaindent=\skip64
\cftsubparanumwidth=\skip65
\cftbeforeloftitleskip=\skip66
\cftafterloftitleskip=\skip67
\cftbeforefigskip=\skip68
\cftfigindent=\skip69
\cftfignumwidth=\skip70
\c@lofdepth=\count87
\c@lotdepth=\count88
\cftbeforelottitleskip=\skip71
\cftafterlottitleskip=\skip72
\cftbeforetabskip=\skip73
\cfttabindent=\skip74
\cfttabnumwidth=\skip75
)
(/usr/share/texlive/texmf-dist/tex/latex/ms/ragged2e.sty
Package: ragged2e 2009/05/21 v2.1 ragged2e Package (MS)

(/usr/share/texlive/texmf-dist/tex/latex/ms/everysel.sty
Package: everysel 2011/10/28 v1.2 EverySelectfont Package (MS)
)
\CenteringLeftskip=\skip76
\RaggedLeftLeftskip=\skip77
\RaggedRightLeftskip=\skip78
\CenteringRightskip=\skip79
\RaggedLeftRightskip=\skip80
\RaggedRightRightskip=\skip81
\CenteringParfillskip=\skip82
\RaggedLeftParfillskip=\skip83
\RaggedRightParfillskip=\skip84
\JustifyingParfillskip=\skip85
\CenteringParindent=\skip86
\RaggedLeftParindent=\skip87
\RaggedRightParindent=\skip88
\JustifyingParindent=\skip89
)
(./curriculum-vitae.aux)
\openout1 = `curriculum-vitae.aux'.

LaTeX Font Info:    Checking defaults for OML/cmm/m/it on input line 55.
LaTeX Font Info:    ... okay on input line 55.
LaTeX Font Info:    Checking defaults for T1/cmr/m/n on input line 55.
LaTeX Font Info:    ... okay on input line 55.
LaTeX Font Info:    Checking defaults for OT1/cmr/m/n on input line 55.
LaTeX Font Info:    ... okay on input line 55.
LaTeX Font Info:    Checking defaults for OMS/cmsy/m/n on input line 55.
LaTeX Font Info:    ... okay on input line 55.
LaTeX Font Info:    Checking defaults for OMX/cmex/m/n on input line 55.
LaTeX Font Info:    ... okay on input line 55.
LaTeX Font Info:    Checking defaults for U/cmr/m/n on input line 55.
LaTeX Font Info:    ... okay on input line 55.

(/usr/share/texlive/texmf-dist/tex/context/base/mkii/supp-pdf.mkii
[Loading MPS to PDF converter (version 2006.09.02).]
\scratchcounter=\count89
\scratchdimen=\dimen107
\scratchbox=\box26
\nofMPsegments=\count90
\nofMParguments=\count91
\everyMPshowfont=\toks14
\MPscratchCnt=\count92
\MPscratchDim=\dimen108
\MPnumerator=\count93
\makeMPintoPDFobject=\count94
\everyMPtoPDFconversion=\toks15
) ABD: EverySelectfont initializing macros
LaTeX Info: Redefining \selectfont on input line 55.
LaTeX Font Info:    External font `cmex10' loaded for size
(Font)              <7> on input line 57.
LaTeX Font Info:    External font `cmex10' loaded for size
(Font)              <5> on input line 57.
LaTeX Font Info:    Try loading font information for OMS+cmr on input line 71.

(/usr/share/texlive/texmf-dist/tex/latex/base/omscmr.fd
File: omscmr.fd 2014/09/29 v2.5h Standard LaTeX font definitions
)
LaTeX Font Info:    Font shape `OMS/cmr/m/n' in size <10> not available
(Font)              Font shape `OMS/cmsy/m/n' tried instead on input line 71.

! Undefined control sequence.
\@tempa ->\catcode `\<
                      12\relax \catcode `\>12\relax 
l.71 ...General Contractor}{August 2017 - Present}
                                                  
? 
! Undefined control sequence.
\cftdotfill #1->\def \@tempa {#1}\def \@tempb 
                                              {\cftnodots }\ifx \@tempa \@te...
l.71 ...General Contractor}{August 2017 - Present}
                                                  
? 
! Missing control sequence inserted.
<inserted text> 
                \inaccessible 
l.71 ...General Contractor}{August 2017 - Present}
                                                  
? 
! Missing control sequence inserted.
<inserted text> 
                \inaccessible 
l.71 ...General Contractor}{August 2017 - Present}
                                                  
? 
! Undefined control sequence.
\@tempa ->\catcode `\<
                      12\relax \catcode `\>12\relax 
l.83 ...in Ontologist|Alethio Intern}{Summer 2017}
                                                  
? 
! Undefined control sequence.
\cftdotfill #1->\def \@tempa {#1}\def \@tempb 
                                              {\cftnodots }\ifx \@tempa \@te...
l.83 ...in Ontologist|Alethio Intern}{Summer 2017}
                                                  
? 
! Missing control sequence inserted.
<inserted text> 
                \inaccessible 
l.83 ...in Ontologist|Alethio Intern}{Summer 2017}
                                                  
? 
! Missing control sequence inserted.
<inserted text> 
                \inaccessible 
l.83 ...in Ontologist|Alethio Intern}{Summer 2017}
                                                  
? 
! Undefined control sequence.
\@tempa ->\catcode `\<
                      12\relax \catcode `\>12\relax 
l.97 ...s}{Greeley, USA}{CNC Machinist}{2016-2017}
                                                  
? 
! Undefined control sequence.
\cftdotfill #1->\def \@tempa {#1}\def \@tempb 
                                              {\cftnodots }\ifx \@tempa \@te...
l.97 ...s}{Greeley, USA}{CNC Machinist}{2016-2017}
                                                  
? 
! Missing control sequence inserted.
<inserted text> 
                \inaccessible 
l.97 ...s}{Greeley, USA}{CNC Machinist}{2016-2017}
                                                  
? 
! Missing control sequence inserted.
<inserted text> 
                \inaccessible 
l.97 ...s}{Greeley, USA}{CNC Machinist}{2016-2017}
                                                  
? 
! Undefined control sequence.
\@tempa ->\catcode `\<
                      12\relax \catcode `\>12\relax 
l.125 ...recision Machining Technology}{2014-2016}
                                                  
? 
! Undefined control sequence.
\cftdotfill #1->\def \@tempa {#1}\def \@tempb 
                                              {\cftnodots }\ifx \@tempa \@te...
l.125 ...recision Machining Technology}{2014-2016}
                                                  
? 
! Missing control sequence inserted.
<inserted text> 
                \inaccessible 
l.125 ...recision Machining Technology}{2014-2016}
                                                  
? 
! Missing control sequence inserted.
<inserted text> 
                \inaccessible 
l.125 ...recision Machining Technology}{2014-2016}
                                                  
? 

! LaTeX Error: Something's wrong--perhaps a missing \item.

See the LaTeX manual or LaTeX Companion for explanation.
Type  H <return>  for immediate help.
 ...                                              
                                                  
l.126 \end{itemize}
                   
? 
[1

{/var/lib/texmf/fonts/map/pdftex/updmap/pdftex.map}] (./curriculum-vitae.aux) )
 
Here is how much of TeX's memory you used:
 1703 strings out of 492990
 22689 string characters out of 6135004
 96553 words of memory out of 5000000
 5303 multiletter control sequences out of 15000+600000
 5490 words of font info for 20 fonts, out of 8000000 for 9000
 1141 hyphenation exceptions out of 8191
 26i,10n,35p,241b,233s stack positions out of 5000i,500n,10000p,200000b,80000s
</usr/share/texlive/texmf-dist/fonts/type1/public/amsfonts/cm/cmbx10.pfb></usr/
share/texlive/texmf-dist/fonts/type1/public/amsfonts/cm/cmbx12.pfb></usr/share/
texlive/texmf-dist/fonts/type1/public/amsfonts/cm/cmcsc10.pfb></usr/share/texli
ve/texmf-dist/fonts/type1/public/amsfonts/cm/cmr10.pfb></usr/share/texlive/texm
f-dist/fonts/type1/public/amsfonts/cm/cmr7.pfb></usr/share/texlive/texmf-dist/f
onts/type1/public/amsfonts/cm/cmssbx10.pfb></usr/share/texlive/texmf-dist/fonts
/type1/public/amsfonts/cm/cmsy10.pfb></usr/share/texlive/texmf-dist/fonts/type1
/public/amsfonts/cm/cmti10.pfb>
Output written on curriculum-vitae.pdf (1 page, 106666 bytes).
PDF statistics:
 40 PDF objects out of 1000 (max. 8388607)
 28 compressed objects within 1 object stream
 0 named destinations out of 1000 (max. 500000)
 1 words of extra memory for PDF output out of 10000 (max. 10000000)

